Build output check failed:
    Regex: 'argument .* is not valid'
    Output line: 'cc1: warning: ‘-Werror=’ argument ‘-Werror=non-virtual-dtor’ is not valid for C'
Compilation failed:
    source file: '/home/praveen/Documents/5sem/emb-pro/software/opencv/build/CMakeFiles/CMakeTmp/src.c'
    check option: ' -fsigned-char -W -Wall -Werror=return-type  -Werror=non-virtual-dtor'
===== BUILD LOG =====
Change Dir: /home/praveen/Documents/5sem/emb-pro/software/opencv/build/CMakeFiles/CMakeTmp

Run Build Command(s):/usr/bin/gmake cmTC_d99a6/fast && /usr/bin/gmake -f CMakeFiles/cmTC_d99a6.dir/build.make CMakeFiles/cmTC_d99a6.dir/build
gmake[1]: Entering directory '/home/praveen/Documents/5sem/emb-pro/software/opencv/build/CMakeFiles/CMakeTmp'
Building C object CMakeFiles/cmTC_d99a6.dir/src.c.o
/usr/bin/cc   -O3 -DNDEBUG -fPIE    -fsigned-char -W -Wall -Werror=return-type  -Werror=non-virtual-dtor -o CMakeFiles/cmTC_d99a6.dir/src.c.o   -c /home/praveen/Documents/5sem/emb-pro/software/opencv/build/CMakeFiles/CMakeTmp/src.c
cc1: warning: ‘-Werror=’ argument ‘-Werror=non-virtual-dtor’ is not valid for C
/home/praveen/Documents/5sem/emb-pro/software/opencv/build/CMakeFiles/CMakeTmp/src.c:1: warning: ignoring ‘#pragma  ’ [-Wunknown-pragmas]
    1 | #pragma
      | 
Linking C executable cmTC_d99a6
/usr/bin/cmake -E cmake_link_script CMakeFiles/cmTC_d99a6.dir/link.txt --verbose=1
/usr/bin/cc   -O3 -DNDEBUG    CMakeFiles/cmTC_d99a6.dir/src.c.o  -o cmTC_d99a6 
gmake[1]: Leaving directory '/home/praveen/Documents/5sem/emb-pro/software/opencv/build/CMakeFiles/CMakeTmp'


===== END =====

Build output check failed:
    Regex: 'command[- ]line option .* is valid for .* but not for C\+\+'
    Output line: 'cc1plus: warning: command-line option ‘-Wmissing-prototypes’ is valid for C/ObjC but not for C++'
Compilation failed:
    source file: '/home/praveen/Documents/5sem/emb-pro/software/opencv/build/CMakeFiles/CMakeTmp/src.cxx'
    check option: ' -fsigned-char -W -Wall -Werror=return-type -Werror=non-virtual-dtor -Werror=address -Werror=sequence-point -Wformat -Werror=format-security -Wmissing-declarations  -Wmissing-prototypes'
===== BUILD LOG =====
Change Dir: /home/praveen/Documents/5sem/emb-pro/software/opencv/build/CMakeFiles/CMakeTmp

Run Build Command(s):/usr/bin/gmake cmTC_1eb49/fast && /usr/bin/gmake -f CMakeFiles/cmTC_1eb49.dir/build.make CMakeFiles/cmTC_1eb49.dir/build
gmake[1]: Entering directory '/home/praveen/Documents/5sem/emb-pro/software/opencv/build/CMakeFiles/CMakeTmp'
Building CXX object CMakeFiles/cmTC_1eb49.dir/src.cxx.o
/usr/bin/c++    -O3 -DNDEBUG -fPIE    -fsigned-char -W -Wall -Werror=return-type -Werror=non-virtual-dtor -Werror=address -Werror=sequence-point -Wformat -Werror=format-security -Wmissing-declarations  -Wmissing-prototypes -std=c++11 -o CMakeFiles/cmTC_1eb49.dir/src.cxx.o -c /home/praveen/Documents/5sem/emb-pro/software/opencv/build/CMakeFiles/CMakeTmp/src.cxx
cc1plus: warning: command-line option ‘-Wmissing-prototypes’ is valid for C/ObjC but not for C++
/home/praveen/Documents/5sem/emb-pro/software/opencv/build/CMakeFiles/CMakeTmp/src.cxx:1: warning: ignoring ‘#pragma  ’ [-Wunknown-pragmas]
    1 | #pragma
      | 
Linking CXX executable cmTC_1eb49
/usr/bin/cmake -E cmake_link_script CMakeFiles/cmTC_1eb49.dir/link.txt --verbose=1
/usr/bin/c++    -O3 -DNDEBUG    CMakeFiles/cmTC_1eb49.dir/src.cxx.o  -o cmTC_1eb49 
gmake[1]: Leaving directory '/home/praveen/Documents/5sem/emb-pro/software/opencv/build/CMakeFiles/CMakeTmp'


===== END =====

Build output check failed:
    Regex: 'command[- ]line option .* is valid for .* but not for C\+\+'
    Output line: 'cc1plus: warning: command-line option ‘-Wstrict-prototypes’ is valid for C/ObjC but not for C++'
Compilation failed:
    source file: '/home/praveen/Documents/5sem/emb-pro/software/opencv/build/CMakeFiles/CMakeTmp/src.cxx'
    check option: ' -fsigned-char -W -Wall -Werror=return-type -Werror=non-virtual-dtor -Werror=address -Werror=sequence-point -Wformat -Werror=format-security -Wmissing-declarations  -Wstrict-prototypes'
===== BUILD LOG =====
Change Dir: /home/praveen/Documents/5sem/emb-pro/software/opencv/build/CMakeFiles/CMakeTmp

Run Build Command(s):/usr/bin/gmake cmTC_02ccf/fast && /usr/bin/gmake -f CMakeFiles/cmTC_02ccf.dir/build.make CMakeFiles/cmTC_02ccf.dir/build
gmake[1]: Entering directory '/home/praveen/Documents/5sem/emb-pro/software/opencv/build/CMakeFiles/CMakeTmp'
Building CXX object CMakeFiles/cmTC_02ccf.dir/src.cxx.o
/usr/bin/c++    -O3 -DNDEBUG -fPIE    -fsigned-char -W -Wall -Werror=return-type -Werror=non-virtual-dtor -Werror=address -Werror=sequence-point -Wformat -Werror=format-security -Wmissing-declarations  -Wstrict-prototypes -std=c++11 -o CMakeFiles/cmTC_02ccf.dir/src.cxx.o -c /home/praveen/Documents/5sem/emb-pro/software/opencv/build/CMakeFiles/CMakeTmp/src.cxx
cc1plus: warning: command-line option ‘-Wstrict-prototypes’ is valid for C/ObjC but not for C++
/home/praveen/Documents/5sem/emb-pro/software/opencv/build/CMakeFiles/CMakeTmp/src.cxx:1: warning: ignoring ‘#pragma  ’ [-Wunknown-pragmas]
    1 | #pragma
      | 
Linking CXX executable cmTC_02ccf
/usr/bin/cmake -E cmake_link_script CMakeFiles/cmTC_02ccf.dir/link.txt --verbose=1
/usr/bin/c++    -O3 -DNDEBUG    CMakeFiles/cmTC_02ccf.dir/src.cxx.o  -o cmTC_02ccf 
gmake[1]: Leaving directory '/home/praveen/Documents/5sem/emb-pro/software/opencv/build/CMakeFiles/CMakeTmp'


===== END =====

Build output check failed:
    Regex: 'command[- ]line option .* is valid for .* but not for C'
    Output line: 'cc1: warning: command-line option ‘-Wsign-promo’ is valid for C++/ObjC++ but not for C'
Compilation failed:
    source file: '/home/praveen/Documents/5sem/emb-pro/software/opencv/build/CMakeFiles/CMakeTmp/src.c'
    check option: ' -fsigned-char -W -Wall -Werror=return-type -Werror=address -Werror=sequence-point -Wformat -Werror=format-security -Wmissing-declarations -Wmissing-prototypes -Wstrict-prototypes -Wundef -Winit-self -Wpointer-arith -Wshadow  -Wsign-promo'
===== BUILD LOG =====
Change Dir: /home/praveen/Documents/5sem/emb-pro/software/opencv/build/CMakeFiles/CMakeTmp

Run Build Command(s):/usr/bin/gmake cmTC_03866/fast && /usr/bin/gmake -f CMakeFiles/cmTC_03866.dir/build.make CMakeFiles/cmTC_03866.dir/build
gmake[1]: Entering directory '/home/praveen/Documents/5sem/emb-pro/software/opencv/build/CMakeFiles/CMakeTmp'
Building C object CMakeFiles/cmTC_03866.dir/src.c.o
/usr/bin/cc   -O3 -DNDEBUG -fPIE    -fsigned-char -W -Wall -Werror=return-type -Werror=address -Werror=sequence-point -Wformat -Werror=format-security -Wmissing-declarations -Wmissing-prototypes -Wstrict-prototypes -Wundef -Winit-self -Wpointer-arith -Wshadow  -Wsign-promo -o CMakeFiles/cmTC_03866.dir/src.c.o   -c /home/praveen/Documents/5sem/emb-pro/software/opencv/build/CMakeFiles/CMakeTmp/src.c
cc1: warning: command-line option ‘-Wsign-promo’ is valid for C++/ObjC++ but not for C
/home/praveen/Documents/5sem/emb-pro/software/opencv/build/CMakeFiles/CMakeTmp/src.c:1: warning: ignoring ‘#pragma  ’ [-Wunknown-pragmas]
    1 | #pragma
      | 
Linking C executable cmTC_03866
/usr/bin/cmake -E cmake_link_script CMakeFiles/cmTC_03866.dir/link.txt --verbose=1
/usr/bin/cc   -O3 -DNDEBUG    CMakeFiles/cmTC_03866.dir/src.c.o  -o cmTC_03866 
gmake[1]: Leaving directory '/home/praveen/Documents/5sem/emb-pro/software/opencv/build/CMakeFiles/CMakeTmp'


===== END =====

Build output check failed:
    Regex: 'command[- ]line option .* is valid for .* but not for C'
    Output line: 'cc1: warning: command-line option ‘-Wsuggest-override’ is valid for C++/ObjC++ but not for C'
Compilation failed:
    source file: '/home/praveen/Documents/5sem/emb-pro/software/opencv/build/CMakeFiles/CMakeTmp/src.c'
    check option: ' -fsigned-char -W -Wall -Werror=return-type -Werror=address -Werror=sequence-point -Wformat -Werror=format-security -Wmissing-declarations -Wmissing-prototypes -Wstrict-prototypes -Wundef -Winit-self -Wpointer-arith -Wshadow -Wuninitialized  -Wsuggest-override'
===== BUILD LOG =====
Change Dir: /home/praveen/Documents/5sem/emb-pro/software/opencv/build/CMakeFiles/CMakeTmp

Run Build Command(s):/usr/bin/gmake cmTC_64409/fast && /usr/bin/gmake -f CMakeFiles/cmTC_64409.dir/build.make CMakeFiles/cmTC_64409.dir/build
gmake[1]: Entering directory '/home/praveen/Documents/5sem/emb-pro/software/opencv/build/CMakeFiles/CMakeTmp'
Building C object CMakeFiles/cmTC_64409.dir/src.c.o
/usr/bin/cc   -O3 -DNDEBUG -fPIE    -fsigned-char -W -Wall -Werror=return-type -Werror=address -Werror=sequence-point -Wformat -Werror=format-security -Wmissing-declarations -Wmissing-prototypes -Wstrict-prototypes -Wundef -Winit-self -Wpointer-arith -Wshadow -Wuninitialized  -Wsuggest-override -o CMakeFiles/cmTC_64409.dir/src.c.o   -c /home/praveen/Documents/5sem/emb-pro/software/opencv/build/CMakeFiles/CMakeTmp/src.c
cc1: warning: command-line option ‘-Wsuggest-override’ is valid for C++/ObjC++ but not for C
/home/praveen/Documents/5sem/emb-pro/software/opencv/build/CMakeFiles/CMakeTmp/src.c:1: warning: ignoring ‘#pragma  ’ [-Wunknown-pragmas]
    1 | #pragma
      | 
Linking C executable cmTC_64409
/usr/bin/cmake -E cmake_link_script CMakeFiles/cmTC_64409.dir/link.txt --verbose=1
/usr/bin/cc   -O3 -DNDEBUG    CMakeFiles/cmTC_64409.dir/src.c.o  -o cmTC_64409 
gmake[1]: Leaving directory '/home/praveen/Documents/5sem/emb-pro/software/opencv/build/CMakeFiles/CMakeTmp'


===== END =====

Build output check failed:
    Regex: 'command[- ]line option .* is valid for .* but not for C'
    Output line: 'cc1: warning: command-line option ‘-Wno-delete-non-virtual-dtor’ is valid for C++/ObjC++ but not for C'
Compilation failed:
    source file: '/home/praveen/Documents/5sem/emb-pro/software/opencv/build/CMakeFiles/CMakeTmp/src.c'
    check option: ' -fsigned-char -W -Wall -Werror=return-type -Werror=address -Werror=sequence-point -Wformat -Werror=format-security -Wmissing-declarations -Wmissing-prototypes -Wstrict-prototypes -Wundef -Winit-self -Wpointer-arith -Wshadow -Wuninitialized  -Wno-delete-non-virtual-dtor'
===== BUILD LOG =====
Change Dir: /home/praveen/Documents/5sem/emb-pro/software/opencv/build/CMakeFiles/CMakeTmp

Run Build Command(s):/usr/bin/gmake cmTC_c019e/fast && /usr/bin/gmake -f CMakeFiles/cmTC_c019e.dir/build.make CMakeFiles/cmTC_c019e.dir/build
gmake[1]: Entering directory '/home/praveen/Documents/5sem/emb-pro/software/opencv/build/CMakeFiles/CMakeTmp'
Building C object CMakeFiles/cmTC_c019e.dir/src.c.o
/usr/bin/cc   -O3 -DNDEBUG -fPIE    -fsigned-char -W -Wall -Werror=return-type -Werror=address -Werror=sequence-point -Wformat -Werror=format-security -Wmissing-declarations -Wmissing-prototypes -Wstrict-prototypes -Wundef -Winit-self -Wpointer-arith -Wshadow -Wuninitialized  -Wno-delete-non-virtual-dtor -o CMakeFiles/cmTC_c019e.dir/src.c.o   -c /home/praveen/Documents/5sem/emb-pro/software/opencv/build/CMakeFiles/CMakeTmp/src.c
cc1: warning: command-line option ‘-Wno-delete-non-virtual-dtor’ is valid for C++/ObjC++ but not for C
/home/praveen/Documents/5sem/emb-pro/software/opencv/build/CMakeFiles/CMakeTmp/src.c:1: warning: ignoring ‘#pragma  ’ [-Wunknown-pragmas]
    1 | #pragma
      | 
Linking C executable cmTC_c019e
/usr/bin/cmake -E cmake_link_script CMakeFiles/cmTC_c019e.dir/link.txt --verbose=1
/usr/bin/cc   -O3 -DNDEBUG    CMakeFiles/cmTC_c019e.dir/src.c.o  -o cmTC_c019e 
gmake[1]: Leaving directory '/home/praveen/Documents/5sem/emb-pro/software/opencv/build/CMakeFiles/CMakeTmp'


===== END =====

Build output check failed:
    Regex: 'unrecognized .*option'
    Output line: 'cc1plus: note: unrecognized command-line option ‘-Wno-unnamed-type-template-args’ may have been intended to silence earlier diagnostics'
Compilation failed:
    source file: '/home/praveen/Documents/5sem/emb-pro/software/opencv/build/CMakeFiles/CMakeTmp/src.cxx'
    check option: ' -fsigned-char -W -Wall -Werror=return-type -Werror=non-virtual-dtor -Werror=address -Werror=sequence-point -Wformat -Werror=format-security -Wmissing-declarations -Wundef -Winit-self -Wpointer-arith -Wshadow -Wsign-promo -Wuninitialized -Wsuggest-override -Wno-delete-non-virtual-dtor  -Wno-unnamed-type-template-args'
===== BUILD LOG =====
Change Dir: /home/praveen/Documents/5sem/emb-pro/software/opencv/build/CMakeFiles/CMakeTmp

Run Build Command(s):/usr/bin/gmake cmTC_33ff5/fast && /usr/bin/gmake -f CMakeFiles/cmTC_33ff5.dir/build.make CMakeFiles/cmTC_33ff5.dir/build
gmake[1]: Entering directory '/home/praveen/Documents/5sem/emb-pro/software/opencv/build/CMakeFiles/CMakeTmp'
Building CXX object CMakeFiles/cmTC_33ff5.dir/src.cxx.o
/usr/bin/c++    -O3 -DNDEBUG -fPIE    -fsigned-char -W -Wall -Werror=return-type -Werror=non-virtual-dtor -Werror=address -Werror=sequence-point -Wformat -Werror=format-security -Wmissing-declarations -Wundef -Winit-self -Wpointer-arith -Wshadow -Wsign-promo -Wuninitialized -Wsuggest-override -Wno-delete-non-virtual-dtor  -Wno-unnamed-type-template-args -std=c++11 -o CMakeFiles/cmTC_33ff5.dir/src.cxx.o -c /home/praveen/Documents/5sem/emb-pro/software/opencv/build/CMakeFiles/CMakeTmp/src.cxx
/home/praveen/Documents/5sem/emb-pro/software/opencv/build/CMakeFiles/CMakeTmp/src.cxx:1: warning: ignoring ‘#pragma  ’ [-Wunknown-pragmas]
    1 | #pragma
      | 
cc1plus: note: unrecognized command-line option ‘-Wno-unnamed-type-template-args’ may have been intended to silence earlier diagnostics
Linking CXX executable cmTC_33ff5
/usr/bin/cmake -E cmake_link_script CMakeFiles/cmTC_33ff5.dir/link.txt --verbose=1
/usr/bin/c++    -O3 -DNDEBUG    CMakeFiles/cmTC_33ff5.dir/src.cxx.o  -o cmTC_33ff5 
gmake[1]: Leaving directory '/home/praveen/Documents/5sem/emb-pro/software/opencv/build/CMakeFiles/CMakeTmp'


===== END =====

Build output check failed:
    Regex: 'unrecognized .*option'
    Output line: 'cc1: note: unrecognized command-line option ‘-Wno-unnamed-type-template-args’ may have been intended to silence earlier diagnostics'
Compilation failed:
    source file: '/home/praveen/Documents/5sem/emb-pro/software/opencv/build/CMakeFiles/CMakeTmp/src.c'
    check option: ' -fsigned-char -W -Wall -Werror=return-type -Werror=address -Werror=sequence-point -Wformat -Werror=format-security -Wmissing-declarations -Wmissing-prototypes -Wstrict-prototypes -Wundef -Winit-self -Wpointer-arith -Wshadow -Wuninitialized  -Wno-unnamed-type-template-args'
===== BUILD LOG =====
Change Dir: /home/praveen/Documents/5sem/emb-pro/software/opencv/build/CMakeFiles/CMakeTmp

Run Build Command(s):/usr/bin/gmake cmTC_f3e6e/fast && /usr/bin/gmake -f CMakeFiles/cmTC_f3e6e.dir/build.make CMakeFiles/cmTC_f3e6e.dir/build
gmake[1]: Entering directory '/home/praveen/Documents/5sem/emb-pro/software/opencv/build/CMakeFiles/CMakeTmp'
Building C object CMakeFiles/cmTC_f3e6e.dir/src.c.o
/usr/bin/cc   -O3 -DNDEBUG -fPIE    -fsigned-char -W -Wall -Werror=return-type -Werror=address -Werror=sequence-point -Wformat -Werror=format-security -Wmissing-declarations -Wmissing-prototypes -Wstrict-prototypes -Wundef -Winit-self -Wpointer-arith -Wshadow -Wuninitialized  -Wno-unnamed-type-template-args -o CMakeFiles/cmTC_f3e6e.dir/src.c.o   -c /home/praveen/Documents/5sem/emb-pro/software/opencv/build/CMakeFiles/CMakeTmp/src.c
/home/praveen/Documents/5sem/emb-pro/software/opencv/build/CMakeFiles/CMakeTmp/src.c:1: warning: ignoring ‘#pragma  ’ [-Wunknown-pragmas]
    1 | #pragma
      | 
cc1: note: unrecognized command-line option ‘-Wno-unnamed-type-template-args’ may have been intended to silence earlier diagnostics
Linking C executable cmTC_f3e6e
/usr/bin/cmake -E cmake_link_script CMakeFiles/cmTC_f3e6e.dir/link.txt --verbose=1
/usr/bin/cc   -O3 -DNDEBUG    CMakeFiles/cmTC_f3e6e.dir/src.c.o  -o cmTC_f3e6e 
gmake[1]: Leaving directory '/home/praveen/Documents/5sem/emb-pro/software/opencv/build/CMakeFiles/CMakeTmp'


===== END =====

Build output check failed:
    Regex: 'command[- ]line option .* is valid for .* but not for C'
    Output line: 'cc1: warning: command-line option ‘-fvisibility-inlines-hidden’ is valid for C++/ObjC++ but not for C'
Compilation failed:
    source file: '/home/praveen/Documents/5sem/emb-pro/software/opencv/build/CMakeFiles/CMakeTmp/src.c'
    check option: ' -fsigned-char -W -Wall -Werror=return-type -Werror=address -Werror=sequence-point -Wformat -Werror=format-security -Wmissing-declarations -Wmissing-prototypes -Wstrict-prototypes -Wundef -Winit-self -Wpointer-arith -Wshadow -Wuninitialized -Wno-comment -Wimplicit-fallthrough=3 -Wno-strict-overflow -fdiagnostics-show-option -Wno-long-long -pthread -fomit-frame-pointer -ffunction-sections -fdata-sections  -msse -msse2 -msse3 -fvisibility=hidden  -fvisibility-inlines-hidden'
===== BUILD LOG =====
Change Dir: /home/praveen/Documents/5sem/emb-pro/software/opencv/build/CMakeFiles/CMakeTmp

Run Build Command(s):/usr/bin/gmake cmTC_82172/fast && /usr/bin/gmake -f CMakeFiles/cmTC_82172.dir/build.make CMakeFiles/cmTC_82172.dir/build
gmake[1]: Entering directory '/home/praveen/Documents/5sem/emb-pro/software/opencv/build/CMakeFiles/CMakeTmp'
Building C object CMakeFiles/cmTC_82172.dir/src.c.o
/usr/bin/cc   -O3 -DNDEBUG -fPIE    -fsigned-char -W -Wall -Werror=return-type -Werror=address -Werror=sequence-point -Wformat -Werror=format-security -Wmissing-declarations -Wmissing-prototypes -Wstrict-prototypes -Wundef -Winit-self -Wpointer-arith -Wshadow -Wuninitialized -Wno-comment -Wimplicit-fallthrough=3 -Wno-strict-overflow -fdiagnostics-show-option -Wno-long-long -pthread -fomit-frame-pointer -ffunction-sections -fdata-sections  -msse -msse2 -msse3 -fvisibility=hidden  -fvisibility-inlines-hidden -o CMakeFiles/cmTC_82172.dir/src.c.o   -c /home/praveen/Documents/5sem/emb-pro/software/opencv/build/CMakeFiles/CMakeTmp/src.c
cc1: warning: command-line option ‘-fvisibility-inlines-hidden’ is valid for C++/ObjC++ but not for C
/home/praveen/Documents/5sem/emb-pro/software/opencv/build/CMakeFiles/CMakeTmp/src.c:1: warning: ignoring ‘#pragma  ’ [-Wunknown-pragmas]
    1 | #pragma
      | 
Linking C executable cmTC_82172
/usr/bin/cmake -E cmake_link_script CMakeFiles/cmTC_82172.dir/link.txt --verbose=1
/usr/bin/cc   -O3 -DNDEBUG    CMakeFiles/cmTC_82172.dir/src.c.o  -o cmTC_82172 
gmake[1]: Leaving directory '/home/praveen/Documents/5sem/emb-pro/software/opencv/build/CMakeFiles/CMakeTmp'


===== END =====

Build output check failed:
    Regex: 'unrecognized .*option'
    Output line: 'cc1: note: unrecognized command-line option ‘-Wno-implicit-const-int-float-conversion’ may have been intended to silence earlier diagnostics'
Compilation failed:
    source file: '/home/praveen/Documents/5sem/emb-pro/software/opencv/build/CMakeFiles/CMakeTmp/src.c'
    check option: ' -Wno-implicit-const-int-float-conversion'
===== BUILD LOG =====
Change Dir: /home/praveen/Documents/5sem/emb-pro/software/opencv/build/CMakeFiles/CMakeTmp

Run Build Command(s):/usr/bin/gmake cmTC_48015/fast && /usr/bin/gmake -f CMakeFiles/cmTC_48015.dir/build.make CMakeFiles/cmTC_48015.dir/build
gmake[1]: Entering directory '/home/praveen/Documents/5sem/emb-pro/software/opencv/build/CMakeFiles/CMakeTmp'
Building C object CMakeFiles/cmTC_48015.dir/src.c.o
/usr/bin/cc   -fsigned-char -W -Wall -Werror=return-type -Werror=address -Werror=sequence-point -Wformat -Werror=format-security -Wmissing-declarations -Wmissing-prototypes -Wstrict-prototypes -Wundef -Winit-self -Wpointer-arith -Wshadow -Wuninitialized -Wno-comment -Wimplicit-fallthrough=3 -Wno-strict-overflow -fdiagnostics-show-option -Wno-long-long -pthread -fomit-frame-pointer -ffunction-sections -fdata-sections  -msse -msse2 -msse3 -fvisibility=hidden  -O3 -DNDEBUG  -DNDEBUG -fPIE    -Wno-implicit-const-int-float-conversion -o CMakeFiles/cmTC_48015.dir/src.c.o   -c /home/praveen/Documents/5sem/emb-pro/software/opencv/build/CMakeFiles/CMakeTmp/src.c
/home/praveen/Documents/5sem/emb-pro/software/opencv/build/CMakeFiles/CMakeTmp/src.c:1: warning: ignoring ‘#pragma  ’ [-Wunknown-pragmas]
    1 | #pragma
      | 
cc1: note: unrecognized command-line option ‘-Wno-implicit-const-int-float-conversion’ may have been intended to silence earlier diagnostics
Linking C executable cmTC_48015
/usr/bin/cmake -E cmake_link_script CMakeFiles/cmTC_48015.dir/link.txt --verbose=1
/usr/bin/cc    -fsigned-char -W -Wall -Werror=return-type -Werror=address -Werror=sequence-point -Wformat -Werror=format-security -Wmissing-declarations -Wmissing-prototypes -Wstrict-prototypes -Wundef -Winit-self -Wpointer-arith -Wshadow -Wuninitialized -Wno-comment -Wimplicit-fallthrough=3 -Wno-strict-overflow -fdiagnostics-show-option -Wno-long-long -pthread -fomit-frame-pointer -ffunction-sections -fdata-sections  -msse -msse2 -msse3 -fvisibility=hidden  -O3 -DNDEBUG  -DNDEBUG    -Wl,--gc-sections -Wl,--as-needed  CMakeFiles/cmTC_48015.dir/src.c.o  -o cmTC_48015 
gmake[1]: Leaving directory '/home/praveen/Documents/5sem/emb-pro/software/opencv/build/CMakeFiles/CMakeTmp'


===== END =====

Determining if the _aligned_malloc exist failed with the following output:
Change Dir: /home/praveen/Documents/5sem/emb-pro/software/opencv/build/CMakeFiles/CMakeTmp

Run Build Command(s):/usr/bin/gmake cmTC_e308a/fast && /usr/bin/gmake -f CMakeFiles/cmTC_e308a.dir/build.make CMakeFiles/cmTC_e308a.dir/build
gmake[1]: Entering directory '/home/praveen/Documents/5sem/emb-pro/software/opencv/build/CMakeFiles/CMakeTmp'
Building C object CMakeFiles/cmTC_e308a.dir/CheckSymbolExists.c.o
/usr/bin/cc   -fsigned-char -W -Wall -Werror=return-type -Werror=address -Werror=sequence-point -Wformat -Werror=format-security -Wmissing-declarations -Wmissing-prototypes -Wstrict-prototypes -Wundef -Winit-self -Wpointer-arith -Wshadow -Wuninitialized -Wno-comment -Wimplicit-fallthrough=3 -Wno-strict-overflow -fdiagnostics-show-option -Wno-long-long -pthread -fomit-frame-pointer -ffunction-sections -fdata-sections  -msse -msse2 -msse3 -fvisibility=hidden  -O3 -DNDEBUG  -DNDEBUG -fPIE   -o CMakeFiles/cmTC_e308a.dir/CheckSymbolExists.c.o   -c /home/praveen/Documents/5sem/emb-pro/software/opencv/build/CMakeFiles/CMakeTmp/CheckSymbolExists.c
/home/praveen/Documents/5sem/emb-pro/software/opencv/build/CMakeFiles/CMakeTmp/CheckSymbolExists.c: In function ‘main’:
/home/praveen/Documents/5sem/emb-pro/software/opencv/build/CMakeFiles/CMakeTmp/CheckSymbolExists.c:8:19: error: ‘_aligned_malloc’ undeclared (first use in this function)
    8 |   return ((int*)(&_aligned_malloc))[argc];
      |                   ^~~~~~~~~~~~~~~
/home/praveen/Documents/5sem/emb-pro/software/opencv/build/CMakeFiles/CMakeTmp/CheckSymbolExists.c:8:19: note: each undeclared identifier is reported only once for each function it appears in
/home/praveen/Documents/5sem/emb-pro/software/opencv/build/CMakeFiles/CMakeTmp/CheckSymbolExists.c:4:14: warning: parameter ‘argc’ set but not used [-Wunused-but-set-parameter]
    4 | int main(int argc, char** argv)
      |          ~~~~^~~~
gmake[1]: *** [CMakeFiles/cmTC_e308a.dir/build.make:66: CMakeFiles/cmTC_e308a.dir/CheckSymbolExists.c.o] Error 1
gmake[1]: Leaving directory '/home/praveen/Documents/5sem/emb-pro/software/opencv/build/CMakeFiles/CMakeTmp'
gmake: *** [Makefile:121: cmTC_e308a/fast] Error 2


File /home/praveen/Documents/5sem/emb-pro/software/opencv/build/CMakeFiles/CMakeTmp/CheckSymbolExists.c:
/* */
#include <malloc.h>

int main(int argc, char** argv)
{
  (void)argv;
#ifndef _aligned_malloc
  return ((int*)(&_aligned_malloc))[argc];
#else
  (void)argc;
  return 0;
#endif
}
Determining if the function sgemm_ exists failed with the following output:
Change Dir: /home/praveen/Documents/5sem/emb-pro/software/opencv/build/CMakeFiles/CMakeTmp

Run Build Command(s):/usr/bin/gmake cmTC_68d54/fast && /usr/bin/gmake -f CMakeFiles/cmTC_68d54.dir/build.make CMakeFiles/cmTC_68d54.dir/build
gmake[1]: Entering directory '/home/praveen/Documents/5sem/emb-pro/software/opencv/build/CMakeFiles/CMakeTmp'
Building C object CMakeFiles/cmTC_68d54.dir/CheckFunctionExists.c.o
/usr/bin/cc   -fsigned-char -W -Wall -Werror=return-type -Werror=address -Werror=sequence-point -Wformat -Werror=format-security -Wmissing-declarations -Wmissing-prototypes -Wstrict-prototypes -Wundef -Winit-self -Wpointer-arith -Wshadow -Wuninitialized -Wno-comment -Wimplicit-fallthrough=3 -Wno-strict-overflow -fdiagnostics-show-option -Wno-long-long -pthread -fomit-frame-pointer -ffunction-sections -fdata-sections  -msse -msse2 -msse3 -fvisibility=hidden -DCHECK_FUNCTION_EXISTS=sgemm_ -O3 -DNDEBUG  -DNDEBUG -fPIE   -o CMakeFiles/cmTC_68d54.dir/CheckFunctionExists.c.o   -c /usr/share/cmake-3.16/Modules/CheckFunctionExists.c
Linking C executable cmTC_68d54
/usr/bin/cmake -E cmake_link_script CMakeFiles/cmTC_68d54.dir/link.txt --verbose=1
/usr/bin/cc    -fsigned-char -W -Wall -Werror=return-type -Werror=address -Werror=sequence-point -Wformat -Werror=format-security -Wmissing-declarations -Wmissing-prototypes -Wstrict-prototypes -Wundef -Winit-self -Wpointer-arith -Wshadow -Wuninitialized -Wno-comment -Wimplicit-fallthrough=3 -Wno-strict-overflow -fdiagnostics-show-option -Wno-long-long -pthread -fomit-frame-pointer -ffunction-sections -fdata-sections  -msse -msse2 -msse3 -fvisibility=hidden -DCHECK_FUNCTION_EXISTS=sgemm_ -O3 -DNDEBUG  -DNDEBUG    -Wl,--gc-sections -Wl,--as-needed  CMakeFiles/cmTC_68d54.dir/CheckFunctionExists.c.o  -o cmTC_68d54 
/usr/bin/ld: CMakeFiles/cmTC_68d54.dir/CheckFunctionExists.c.o: in function `main':
CheckFunctionExists.c:(.text.startup.main+0x10): undefined reference to `sgemm_'
collect2: error: ld returned 1 exit status
gmake[1]: *** [CMakeFiles/cmTC_68d54.dir/build.make:87: cmTC_68d54] Error 1
gmake[1]: Leaving directory '/home/praveen/Documents/5sem/emb-pro/software/opencv/build/CMakeFiles/CMakeTmp'
gmake: *** [Makefile:121: cmTC_68d54/fast] Error 2



Build output check failed:
    Regex: 'command[- ]line option .* is valid for .* but not for C\+\+'
    Output line: 'cc1plus: warning: command-line option ‘-Wno-missing-prototypes’ is valid for C/ObjC but not for C++'
Compilation failed:
    source file: '/home/praveen/Documents/5sem/emb-pro/software/opencv/build/CMakeFiles/CMakeTmp/src.cxx'
    check option: ' -Wno-missing-prototypes'
===== BUILD LOG =====
Change Dir: /home/praveen/Documents/5sem/emb-pro/software/opencv/build/CMakeFiles/CMakeTmp

Run Build Command(s):/usr/bin/gmake cmTC_04c17/fast && /usr/bin/gmake -f CMakeFiles/cmTC_04c17.dir/build.make CMakeFiles/cmTC_04c17.dir/build
gmake[1]: Entering directory '/home/praveen/Documents/5sem/emb-pro/software/opencv/build/CMakeFiles/CMakeTmp'
Building CXX object CMakeFiles/cmTC_04c17.dir/src.cxx.o
/usr/bin/c++    -fsigned-char -W -Wall -Werror=return-type -Werror=non-virtual-dtor -Werror=address -Werror=sequence-point -Wformat -Werror=format-security -Wmissing-declarations -Wundef -Winit-self -Wpointer-arith -Wshadow -Wsign-promo -Wuninitialized -Wsuggest-override -Wno-delete-non-virtual-dtor -Wno-comment -Wimplicit-fallthrough=3 -Wno-strict-overflow -fdiagnostics-show-option -Wno-long-long -pthread -fomit-frame-pointer -ffunction-sections -fdata-sections  -msse -msse2 -msse3 -fvisibility=hidden -fvisibility-inlines-hidden -Wno-deprecated  -O3 -DNDEBUG  -DNDEBUG -fPIE    -Wno-missing-prototypes -std=c++11 -o CMakeFiles/cmTC_04c17.dir/src.cxx.o -c /home/praveen/Documents/5sem/emb-pro/software/opencv/build/CMakeFiles/CMakeTmp/src.cxx
cc1plus: warning: command-line option ‘-Wno-missing-prototypes’ is valid for C/ObjC but not for C++
/home/praveen/Documents/5sem/emb-pro/software/opencv/build/CMakeFiles/CMakeTmp/src.cxx:1: warning: ignoring ‘#pragma  ’ [-Wunknown-pragmas]
    1 | #pragma
      | 
Linking CXX executable cmTC_04c17
/usr/bin/cmake -E cmake_link_script CMakeFiles/cmTC_04c17.dir/link.txt --verbose=1
/usr/bin/c++     -fsigned-char -W -Wall -Werror=return-type -Werror=non-virtual-dtor -Werror=address -Werror=sequence-point -Wformat -Werror=format-security -Wmissing-declarations -Wundef -Winit-self -Wpointer-arith -Wshadow -Wsign-promo -Wuninitialized -Wsuggest-override -Wno-delete-non-virtual-dtor -Wno-comment -Wimplicit-fallthrough=3 -Wno-strict-overflow -fdiagnostics-show-option -Wno-long-long -pthread -fomit-frame-pointer -ffunction-sections -fdata-sections  -msse -msse2 -msse3 -fvisibility=hidden -fvisibility-inlines-hidden -Wno-deprecated  -O3 -DNDEBUG  -DNDEBUG    -Wl,--gc-sections -Wl,--as-needed  CMakeFiles/cmTC_04c17.dir/src.cxx.o  -o cmTC_04c17 
gmake[1]: Leaving directory '/home/praveen/Documents/5sem/emb-pro/software/opencv/build/CMakeFiles/CMakeTmp'


===== END =====

Build output check failed:
    Regex: 'unrecognized .*option'
    Output line: 'cc1plus: note: unrecognized command-line option ‘-Wno-tautological-undefined-compare’ may have been intended to silence earlier diagnostics'
Compilation failed:
    source file: '/home/praveen/Documents/5sem/emb-pro/software/opencv/build/CMakeFiles/CMakeTmp/src.cxx'
    check option: ' -Wno-tautological-undefined-compare'
===== BUILD LOG =====
Change Dir: /home/praveen/Documents/5sem/emb-pro/software/opencv/build/CMakeFiles/CMakeTmp

Run Build Command(s):/usr/bin/gmake cmTC_5e6ff/fast && /usr/bin/gmake -f CMakeFiles/cmTC_5e6ff.dir/build.make CMakeFiles/cmTC_5e6ff.dir/build
gmake[1]: Entering directory '/home/praveen/Documents/5sem/emb-pro/software/opencv/build/CMakeFiles/CMakeTmp'
Building CXX object CMakeFiles/cmTC_5e6ff.dir/src.cxx.o
/usr/bin/c++    -fsigned-char -W -Wall -Werror=return-type -Werror=non-virtual-dtor -Werror=address -Werror=sequence-point -Wformat -Werror=format-security -Winit-self -Wpointer-arith -Wuninitialized -Wsuggest-override -Wno-delete-non-virtual-dtor -Wno-comment -Wimplicit-fallthrough=3 -Wno-strict-overflow -fdiagnostics-show-option -Wno-long-long -pthread -fomit-frame-pointer -ffunction-sections -fdata-sections  -msse -msse2 -msse3 -fvisibility=hidden -fvisibility-inlines-hidden -Wno-deprecated -Wno-missing-declarations -Wno-shadow -Wno-unused-parameter -Wno-unused-local-typedefs -Wno-sign-compare -Wno-sign-promo -Wno-undef  -O3 -DNDEBUG  -DNDEBUG -fPIE    -Wno-tautological-undefined-compare -std=c++11 -o CMakeFiles/cmTC_5e6ff.dir/src.cxx.o -c /home/praveen/Documents/5sem/emb-pro/software/opencv/build/CMakeFiles/CMakeTmp/src.cxx
/home/praveen/Documents/5sem/emb-pro/software/opencv/build/CMakeFiles/CMakeTmp/src.cxx:1: warning: ignoring ‘#pragma  ’ [-Wunknown-pragmas]
    1 | #pragma
      | 
cc1plus: note: unrecognized command-line option ‘-Wno-tautological-undefined-compare’ may have been intended to silence earlier diagnostics
Linking CXX executable cmTC_5e6ff
/usr/bin/cmake -E cmake_link_script CMakeFiles/cmTC_5e6ff.dir/link.txt --verbose=1
/usr/bin/c++     -fsigned-char -W -Wall -Werror=return-type -Werror=non-virtual-dtor -Werror=address -Werror=sequence-point -Wformat -Werror=format-security -Winit-self -Wpointer-arith -Wuninitialized -Wsuggest-override -Wno-delete-non-virtual-dtor -Wno-comment -Wimplicit-fallthrough=3 -Wno-strict-overflow -fdiagnostics-show-option -Wno-long-long -pthread -fomit-frame-pointer -ffunction-sections -fdata-sections  -msse -msse2 -msse3 -fvisibility=hidden -fvisibility-inlines-hidden -Wno-deprecated -Wno-missing-declarations -Wno-shadow -Wno-unused-parameter -Wno-unused-local-typedefs -Wno-sign-compare -Wno-sign-promo -Wno-undef  -O3 -DNDEBUG  -DNDEBUG    -Wl,--gc-sections -Wl,--as-needed  CMakeFiles/cmTC_5e6ff.dir/src.cxx.o  -o cmTC_5e6ff 
gmake[1]: Leaving directory '/home/praveen/Documents/5sem/emb-pro/software/opencv/build/CMakeFiles/CMakeTmp'


===== END =====

Build output check failed:
    Regex: 'unrecognized .*option'
    Output line: 'cc1plus: note: unrecognized command-line option ‘-Wno-shorten-64-to-32’ may have been intended to silence earlier diagnostics'
Compilation failed:
    source file: '/home/praveen/Documents/5sem/emb-pro/software/opencv/build/CMakeFiles/CMakeTmp/src.cxx'
    check option: ' -Wno-shorten-64-to-32'
===== BUILD LOG =====
Change Dir: /home/praveen/Documents/5sem/emb-pro/software/opencv/build/CMakeFiles/CMakeTmp

Run Build Command(s):/usr/bin/gmake cmTC_8a918/fast && /usr/bin/gmake -f CMakeFiles/cmTC_8a918.dir/build.make CMakeFiles/cmTC_8a918.dir/build
gmake[1]: Entering directory '/home/praveen/Documents/5sem/emb-pro/software/opencv/build/CMakeFiles/CMakeTmp'
Building CXX object CMakeFiles/cmTC_8a918.dir/src.cxx.o
/usr/bin/c++    -fsigned-char -W -Wall -Werror=return-type -Werror=non-virtual-dtor -Werror=address -Werror=sequence-point -Wformat -Werror=format-security -Winit-self -Wpointer-arith -Wuninitialized -Wsuggest-override -Wno-delete-non-virtual-dtor -Wno-comment -Wimplicit-fallthrough=3 -Wno-strict-overflow -fdiagnostics-show-option -Wno-long-long -pthread -fomit-frame-pointer -ffunction-sections -fdata-sections  -msse -msse2 -msse3 -fvisibility=hidden -fvisibility-inlines-hidden -Wno-deprecated -Wno-missing-declarations -Wno-shadow -Wno-unused-parameter -Wno-unused-local-typedefs -Wno-sign-compare -Wno-sign-promo -Wno-undef -Wno-ignored-qualifiers -Wno-extra -Wno-unused-function -Wno-unused-const-variable  -O3 -DNDEBUG  -DNDEBUG -fPIE    -Wno-shorten-64-to-32 -std=c++11 -o CMakeFiles/cmTC_8a918.dir/src.cxx.o -c /home/praveen/Documents/5sem/emb-pro/software/opencv/build/CMakeFiles/CMakeTmp/src.cxx
/home/praveen/Documents/5sem/emb-pro/software/opencv/build/CMakeFiles/CMakeTmp/src.cxx:1: warning: ignoring ‘#pragma  ’ [-Wunknown-pragmas]
    1 | #pragma
      | 
cc1plus: note: unrecognized command-line option ‘-Wno-shorten-64-to-32’ may have been intended to silence earlier diagnostics
Linking CXX executable cmTC_8a918
/usr/bin/cmake -E cmake_link_script CMakeFiles/cmTC_8a918.dir/link.txt --verbose=1
/usr/bin/c++     -fsigned-char -W -Wall -Werror=return-type -Werror=non-virtual-dtor -Werror=address -Werror=sequence-point -Wformat -Werror=format-security -Winit-self -Wpointer-arith -Wuninitialized -Wsuggest-override -Wno-delete-non-virtual-dtor -Wno-comment -Wimplicit-fallthrough=3 -Wno-strict-overflow -fdiagnostics-show-option -Wno-long-long -pthread -fomit-frame-pointer -ffunction-sections -fdata-sections  -msse -msse2 -msse3 -fvisibility=hidden -fvisibility-inlines-hidden -Wno-deprecated -Wno-missing-declarations -Wno-shadow -Wno-unused-parameter -Wno-unused-local-typedefs -Wno-sign-compare -Wno-sign-promo -Wno-undef -Wno-ignored-qualifiers -Wno-extra -Wno-unused-function -Wno-unused-const-variable  -O3 -DNDEBUG  -DNDEBUG    -Wl,--gc-sections -Wl,--as-needed  CMakeFiles/cmTC_8a918.dir/src.cxx.o  -o cmTC_8a918 
gmake[1]: Leaving directory '/home/praveen/Documents/5sem/emb-pro/software/opencv/build/CMakeFiles/CMakeTmp'


===== END =====

Build output check failed:
    Regex: 'unrecognized .*option'
    Output line: 'cc1plus: note: unrecognized command-line option ‘-Wno-enum-compare-switch’ may have been intended to silence earlier diagnostics'
Compilation failed:
    source file: '/home/praveen/Documents/5sem/emb-pro/software/opencv/build/CMakeFiles/CMakeTmp/src.cxx'
    check option: ' -Wno-enum-compare-switch'
===== BUILD LOG =====
Change Dir: /home/praveen/Documents/5sem/emb-pro/software/opencv/build/CMakeFiles/CMakeTmp

Run Build Command(s):/usr/bin/gmake cmTC_4c6a1/fast && /usr/bin/gmake -f CMakeFiles/cmTC_4c6a1.dir/build.make CMakeFiles/cmTC_4c6a1.dir/build
gmake[1]: Entering directory '/home/praveen/Documents/5sem/emb-pro/software/opencv/build/CMakeFiles/CMakeTmp'
Building CXX object CMakeFiles/cmTC_4c6a1.dir/src.cxx.o
/usr/bin/c++    -fsigned-char -W -Wall -Werror=return-type -Werror=non-virtual-dtor -Werror=address -Werror=sequence-point -Wformat -Werror=format-security -Winit-self -Wpointer-arith -Wuninitialized -Wsuggest-override -Wno-delete-non-virtual-dtor -Wno-comment -Wimplicit-fallthrough=3 -Wno-strict-overflow -fdiagnostics-show-option -Wno-long-long -pthread -fomit-frame-pointer -ffunction-sections -fdata-sections  -msse -msse2 -msse3 -fvisibility=hidden -fvisibility-inlines-hidden -Wno-deprecated -Wno-missing-declarations -Wno-shadow -Wno-unused-parameter -Wno-unused-local-typedefs -Wno-sign-compare -Wno-sign-promo -Wno-undef -Wno-ignored-qualifiers -Wno-extra -Wno-unused-function -Wno-unused-const-variable -Wno-invalid-offsetof  -O3 -DNDEBUG  -DNDEBUG -fPIE    -Wno-enum-compare-switch -std=c++11 -o CMakeFiles/cmTC_4c6a1.dir/src.cxx.o -c /home/praveen/Documents/5sem/emb-pro/software/opencv/build/CMakeFiles/CMakeTmp/src.cxx
/home/praveen/Documents/5sem/emb-pro/software/opencv/build/CMakeFiles/CMakeTmp/src.cxx:1: warning: ignoring ‘#pragma  ’ [-Wunknown-pragmas]
    1 | #pragma
      | 
cc1plus: note: unrecognized command-line option ‘-Wno-enum-compare-switch’ may have been intended to silence earlier diagnostics
Linking CXX executable cmTC_4c6a1
/usr/bin/cmake -E cmake_link_script CMakeFiles/cmTC_4c6a1.dir/link.txt --verbose=1
/usr/bin/c++     -fsigned-char -W -Wall -Werror=return-type -Werror=non-virtual-dtor -Werror=address -Werror=sequence-point -Wformat -Werror=format-security -Winit-self -Wpointer-arith -Wuninitialized -Wsuggest-override -Wno-delete-non-virtual-dtor -Wno-comment -Wimplicit-fallthrough=3 -Wno-strict-overflow -fdiagnostics-show-option -Wno-long-long -pthread -fomit-frame-pointer -ffunction-sections -fdata-sections  -msse -msse2 -msse3 -fvisibility=hidden -fvisibility-inlines-hidden -Wno-deprecated -Wno-missing-declarations -Wno-shadow -Wno-unused-parameter -Wno-unused-local-typedefs -Wno-sign-compare -Wno-sign-promo -Wno-undef -Wno-ignored-qualifiers -Wno-extra -Wno-unused-function -Wno-unused-const-variable -Wno-invalid-offsetof  -O3 -DNDEBUG  -DNDEBUG    -Wl,--gc-sections -Wl,--as-needed  CMakeFiles/cmTC_4c6a1.dir/src.cxx.o  -o cmTC_4c6a1 
gmake[1]: Leaving directory '/home/praveen/Documents/5sem/emb-pro/software/opencv/build/CMakeFiles/CMakeTmp'


===== END =====

Build output check failed:
    Regex: 'unrecognized .*option'
    Output line: 'cc1plus: note: unrecognized command-line option ‘-Wno-inconsistent-missing-override’ may have been intended to silence earlier diagnostics'
Compilation failed:
    source file: '/home/praveen/Documents/5sem/emb-pro/software/opencv/build/CMakeFiles/CMakeTmp/src.cxx'
    check option: ' -Wno-inconsistent-missing-override'
===== BUILD LOG =====
Change Dir: /home/praveen/Documents/5sem/emb-pro/software/opencv/build/CMakeFiles/CMakeTmp

Run Build Command(s):/usr/bin/gmake cmTC_fb1fe/fast && /usr/bin/gmake -f CMakeFiles/cmTC_fb1fe.dir/build.make CMakeFiles/cmTC_fb1fe.dir/build
gmake[1]: Entering directory '/home/praveen/Documents/5sem/emb-pro/software/opencv/build/CMakeFiles/CMakeTmp'
Building CXX object CMakeFiles/cmTC_fb1fe.dir/src.cxx.o
/usr/bin/c++    -fsigned-char -W -Wall -Werror=return-type -Werror=non-virtual-dtor -Werror=address -Werror=sequence-point -Wformat -Werror=format-security -Winit-self -Wpointer-arith -Wuninitialized -Wno-delete-non-virtual-dtor -Wno-comment -Wimplicit-fallthrough=3 -Wno-strict-overflow -fdiagnostics-show-option -Wno-long-long -pthread -fomit-frame-pointer -ffunction-sections -fdata-sections  -msse -msse2 -msse3 -fvisibility=hidden -fvisibility-inlines-hidden -Wno-deprecated -Wno-missing-declarations -Wno-shadow -Wno-unused-parameter -Wno-unused-local-typedefs -Wno-sign-compare -Wno-sign-promo -Wno-undef -Wno-ignored-qualifiers -Wno-extra -Wno-unused-function -Wno-unused-const-variable -Wno-invalid-offsetof -Wno-suggest-override  -O3 -DNDEBUG  -DNDEBUG -fPIE    -Wno-inconsistent-missing-override -std=c++11 -o CMakeFiles/cmTC_fb1fe.dir/src.cxx.o -c /home/praveen/Documents/5sem/emb-pro/software/opencv/build/CMakeFiles/CMakeTmp/src.cxx
/home/praveen/Documents/5sem/emb-pro/software/opencv/build/CMakeFiles/CMakeTmp/src.cxx:1: warning: ignoring ‘#pragma  ’ [-Wunknown-pragmas]
    1 | #pragma
      | 
cc1plus: note: unrecognized command-line option ‘-Wno-inconsistent-missing-override’ may have been intended to silence earlier diagnostics
Linking CXX executable cmTC_fb1fe
/usr/bin/cmake -E cmake_link_script CMakeFiles/cmTC_fb1fe.dir/link.txt --verbose=1
/usr/bin/c++     -fsigned-char -W -Wall -Werror=return-type -Werror=non-virtual-dtor -Werror=address -Werror=sequence-point -Wformat -Werror=format-security -Winit-self -Wpointer-arith -Wuninitialized -Wno-delete-non-virtual-dtor -Wno-comment -Wimplicit-fallthrough=3 -Wno-strict-overflow -fdiagnostics-show-option -Wno-long-long -pthread -fomit-frame-pointer -ffunction-sections -fdata-sections  -msse -msse2 -msse3 -fvisibility=hidden -fvisibility-inlines-hidden -Wno-deprecated -Wno-missing-declarations -Wno-shadow -Wno-unused-parameter -Wno-unused-local-typedefs -Wno-sign-compare -Wno-sign-promo -Wno-undef -Wno-ignored-qualifiers -Wno-extra -Wno-unused-function -Wno-unused-const-variable -Wno-invalid-offsetof -Wno-suggest-override  -O3 -DNDEBUG  -DNDEBUG    -Wl,--gc-sections -Wl,--as-needed  CMakeFiles/cmTC_fb1fe.dir/src.cxx.o  -o cmTC_fb1fe 
gmake[1]: Leaving directory '/home/praveen/Documents/5sem/emb-pro/software/opencv/build/CMakeFiles/CMakeTmp'


===== END =====

Determining if the include file sys/videoio.h exists failed with the following output:
Change Dir: /home/praveen/Documents/5sem/emb-pro/software/opencv/build/CMakeFiles/CMakeTmp

Run Build Command(s):/usr/bin/gmake cmTC_cd204/fast && /usr/bin/gmake -f CMakeFiles/cmTC_cd204.dir/build.make CMakeFiles/cmTC_cd204.dir/build
gmake[1]: Entering directory '/home/praveen/Documents/5sem/emb-pro/software/opencv/build/CMakeFiles/CMakeTmp'
Building C object CMakeFiles/cmTC_cd204.dir/CheckIncludeFile.c.o
/usr/bin/cc   -fsigned-char -W -Wall -Werror=return-type -Werror=address -Werror=sequence-point -Wformat -Werror=format-security -Wmissing-declarations -Wmissing-prototypes -Wstrict-prototypes -Wundef -Winit-self -Wpointer-arith -Wshadow -Wuninitialized -Wno-comment -Wimplicit-fallthrough=3 -Wno-strict-overflow -fdiagnostics-show-option -Wno-long-long -pthread -fomit-frame-pointer -ffunction-sections -fdata-sections  -msse -msse2 -msse3 -fvisibility=hidden  -O3 -DNDEBUG  -DNDEBUG -fPIE   -o CMakeFiles/cmTC_cd204.dir/CheckIncludeFile.c.o   -c /home/praveen/Documents/5sem/emb-pro/software/opencv/build/CMakeFiles/CMakeTmp/CheckIncludeFile.c
/home/praveen/Documents/5sem/emb-pro/software/opencv/build/CMakeFiles/CMakeTmp/CheckIncludeFile.c:1:10: fatal error: sys/videoio.h: No such file or directory
    1 | #include <sys/videoio.h>
      |          ^~~~~~~~~~~~~~~
compilation terminated.
gmake[1]: *** [CMakeFiles/cmTC_cd204.dir/build.make:66: CMakeFiles/cmTC_cd204.dir/CheckIncludeFile.c.o] Error 1
gmake[1]: Leaving directory '/home/praveen/Documents/5sem/emb-pro/software/opencv/build/CMakeFiles/CMakeTmp'
gmake: *** [Makefile:121: cmTC_cd204/fast] Error 2



Build output check failed:
    Regex: 'unrecognized .*option'
    Output line: 'cc1plus: note: unrecognized command-line option ‘-Wno-unused-private-field’ may have been intended to silence earlier diagnostics'
Compilation failed:
    source file: '/home/praveen/Documents/5sem/emb-pro/software/opencv/build/CMakeFiles/CMakeTmp/src.cxx'
    check option: ' -Wno-unused-private-field'
===== BUILD LOG =====
Change Dir: /home/praveen/Documents/5sem/emb-pro/software/opencv/build/CMakeFiles/CMakeTmp

Run Build Command(s):/usr/bin/gmake cmTC_bd7cb/fast && /usr/bin/gmake -f CMakeFiles/cmTC_bd7cb.dir/build.make CMakeFiles/cmTC_bd7cb.dir/build
gmake[1]: Entering directory '/home/praveen/Documents/5sem/emb-pro/software/opencv/build/CMakeFiles/CMakeTmp'
Building CXX object CMakeFiles/cmTC_bd7cb.dir/src.cxx.o
/usr/bin/c++    -fsigned-char -W -Wall -Werror=return-type -Werror=non-virtual-dtor -Werror=address -Werror=sequence-point -Wformat -Werror=format-security -Wmissing-declarations -Wundef -Winit-self -Wpointer-arith -Wshadow -Wsign-promo -Wuninitialized -Wsuggest-override -Wno-delete-non-virtual-dtor -Wno-comment -Wimplicit-fallthrough=3 -Wno-strict-overflow -fdiagnostics-show-option -Wno-long-long -pthread -fomit-frame-pointer -ffunction-sections -fdata-sections  -msse -msse2 -msse3 -fvisibility=hidden -fvisibility-inlines-hidden -Wno-unused-function -Wno-deprecated-declarations -Wno-overloaded-virtual  -O3 -DNDEBUG  -DNDEBUG -fPIE    -Wno-unused-private-field -std=c++11 -o CMakeFiles/cmTC_bd7cb.dir/src.cxx.o -c /home/praveen/Documents/5sem/emb-pro/software/opencv/build/CMakeFiles/CMakeTmp/src.cxx
/home/praveen/Documents/5sem/emb-pro/software/opencv/build/CMakeFiles/CMakeTmp/src.cxx:1: warning: ignoring ‘#pragma  ’ [-Wunknown-pragmas]
    1 | #pragma
      | 
cc1plus: note: unrecognized command-line option ‘-Wno-unused-private-field’ may have been intended to silence earlier diagnostics
Linking CXX executable cmTC_bd7cb
/usr/bin/cmake -E cmake_link_script CMakeFiles/cmTC_bd7cb.dir/link.txt --verbose=1
/usr/bin/c++     -fsigned-char -W -Wall -Werror=return-type -Werror=non-virtual-dtor -Werror=address -Werror=sequence-point -Wformat -Werror=format-security -Wmissing-declarations -Wundef -Winit-self -Wpointer-arith -Wshadow -Wsign-promo -Wuninitialized -Wsuggest-override -Wno-delete-non-virtual-dtor -Wno-comment -Wimplicit-fallthrough=3 -Wno-strict-overflow -fdiagnostics-show-option -Wno-long-long -pthread -fomit-frame-pointer -ffunction-sections -fdata-sections  -msse -msse2 -msse3 -fvisibility=hidden -fvisibility-inlines-hidden -Wno-unused-function -Wno-deprecated-declarations -Wno-overloaded-virtual  -O3 -DNDEBUG  -DNDEBUG    -Wl,--gc-sections -Wl,--as-needed  CMakeFiles/cmTC_bd7cb.dir/src.cxx.o  -o cmTC_bd7cb 
gmake[1]: Leaving directory '/home/praveen/Documents/5sem/emb-pro/software/opencv/build/CMakeFiles/CMakeTmp'


===== END =====

